c:\users\adrian\desktop\projekt\flappybird\flappybird\release\flappybird.pch
c:\users\adrian\desktop\projekt\flappybird\flappybird\release\vc142.pdb
c:\users\adrian\desktop\projekt\flappybird\flappybird\release\stdafx.obj
c:\users\adrian\desktop\projekt\flappybird\flappybird\release\statemachine.obj
c:\users\adrian\desktop\projekt\flappybird\flappybird\release\pipe.obj
c:\users\adrian\desktop\projekt\flappybird\flappybird\release\mainmenustate.obj
c:\users\adrian\desktop\projekt\flappybird\flappybird\release\inputmanager.obj
c:\users\adrian\desktop\projekt\flappybird\flappybird\release\hud.obj
c:\users\adrian\desktop\projekt\flappybird\flappybird\release\ground.obj
c:\users\adrian\desktop\projekt\flappybird\flappybird\release\gamestate.obj
c:\users\adrian\desktop\projekt\flappybird\flappybird\release\gameoverstate.obj
c:\users\adrian\desktop\projekt\flappybird\flappybird\release\game.obj
c:\users\adrian\desktop\projekt\flappybird\flappybird\release\flappybird.obj
c:\users\adrian\desktop\projekt\flappybird\flappybird\release\collision.obj
c:\users\adrian\desktop\projekt\flappybird\flappybird\release\bird.obj
c:\users\adrian\desktop\projekt\flappybird\flappybird\release\assetmanager.obj
c:\users\adrian\desktop\projekt\flappybird\release\flappybird.ipdb
c:\users\adrian\desktop\projekt\flappybird\release\flappybird.iobj
c:\users\adrian\desktop\projekt\flappybird\release\flappybird.exe
c:\users\adrian\desktop\projekt\flappybird\release\flappybird.pdb
c:\users\adrian\desktop\projekt\flappybird\flappybird\release\flappybird.tlog\cl.command.1.tlog
c:\users\adrian\desktop\projekt\flappybird\flappybird\release\flappybird.tlog\cl.read.1.tlog
c:\users\adrian\desktop\projekt\flappybird\flappybird\release\flappybird.tlog\cl.write.1.tlog
c:\users\adrian\desktop\projekt\flappybird\flappybird\release\flappybird.tlog\flappybird.write.1u.tlog
c:\users\adrian\desktop\projekt\flappybird\flappybird\release\flappybird.tlog\link.command.1.tlog
c:\users\adrian\desktop\projekt\flappybird\flappybird\release\flappybird.tlog\link.read.1.tlog
c:\users\adrian\desktop\projekt\flappybird\flappybird\release\flappybird.tlog\link.write.1.tlog
